State 10 conflicts: 4 shift/reduce
State 11 conflicts: 4 shift/reduce
State 12 conflicts: 4 shift/reduce
State 13 conflicts: 4 shift/reduce


Grammar

    0 $accept: linha $end

    1 linha: linha expr ENTER
    2      | ε

    3 expr: NUM
    4     | expr MENOS expr
    5     | expr VEZES expr
    6     | expr DIV expr
    7     | expr MAIS expr


Terminals, with rules where they appear

    $end (0) 0
    error (256)
    NUM (258) 3
    VEZES (259) 5
    MAIS (260) 7
    MENOS (261) 4
    DIV (262) 6
    ENTER (263) 1


Nonterminals, with rules where they appear

    $accept (9)
        on left: 0
    linha (10)
        on left: 1 2
        on right: 0 1
    expr (11)
        on left: 3 4 5 6 7
        on right: 1 4 5 6 7


State 0

    0 $accept: • linha $end

    $default  reduce using rule 2 (linha)

    linha  go to state 1


State 1

    0 $accept: linha • $end
    1 linha: linha • expr ENTER

    $end  shift, and go to state 2
    NUM   shift, and go to state 3

    expr  go to state 4


State 2

    0 $accept: linha $end •

    $default  accept


State 3

    3 expr: NUM •

    $default  reduce using rule 3 (expr)


State 4

    1 linha: linha expr • ENTER
    4 expr: expr • MENOS expr
    5     | expr • VEZES expr
    6     | expr • DIV expr
    7     | expr • MAIS expr

    VEZES  shift, and go to state 5
    MAIS   shift, and go to state 6
    MENOS  shift, and go to state 7
    DIV    shift, and go to state 8
    ENTER  shift, and go to state 9


State 5

    5 expr: expr VEZES • expr

    NUM  shift, and go to state 3

    expr  go to state 10


State 6

    7 expr: expr MAIS • expr

    NUM  shift, and go to state 3

    expr  go to state 11


State 7

    4 expr: expr MENOS • expr

    NUM  shift, and go to state 3

    expr  go to state 12


State 8

    6 expr: expr DIV • expr

    NUM  shift, and go to state 3

    expr  go to state 13


State 9

    1 linha: linha expr ENTER •

    $default  reduce using rule 1 (linha)


State 10

    4 expr: expr • MENOS expr
    5     | expr • VEZES expr
    5     | expr VEZES expr •
    6     | expr • DIV expr
    7     | expr • MAIS expr

    VEZES  shift, and go to state 5
    MAIS   shift, and go to state 6
    MENOS  shift, and go to state 7
    DIV    shift, and go to state 8

    VEZES     [reduce using rule 5 (expr)]
    MAIS      [reduce using rule 5 (expr)]
    MENOS     [reduce using rule 5 (expr)]
    DIV       [reduce using rule 5 (expr)]
    $default  reduce using rule 5 (expr)


State 11

    4 expr: expr • MENOS expr
    5     | expr • VEZES expr
    6     | expr • DIV expr
    7     | expr • MAIS expr
    7     | expr MAIS expr •

    VEZES  shift, and go to state 5
    MAIS   shift, and go to state 6
    MENOS  shift, and go to state 7
    DIV    shift, and go to state 8

    VEZES     [reduce using rule 7 (expr)]
    MAIS      [reduce using rule 7 (expr)]
    MENOS     [reduce using rule 7 (expr)]
    DIV       [reduce using rule 7 (expr)]
    $default  reduce using rule 7 (expr)


State 12

    4 expr: expr • MENOS expr
    4     | expr MENOS expr •
    5     | expr • VEZES expr
    6     | expr • DIV expr
    7     | expr • MAIS expr

    VEZES  shift, and go to state 5
    MAIS   shift, and go to state 6
    MENOS  shift, and go to state 7
    DIV    shift, and go to state 8

    VEZES     [reduce using rule 4 (expr)]
    MAIS      [reduce using rule 4 (expr)]
    MENOS     [reduce using rule 4 (expr)]
    DIV       [reduce using rule 4 (expr)]
    $default  reduce using rule 4 (expr)


State 13

    4 expr: expr • MENOS expr
    5     | expr • VEZES expr
    6     | expr • DIV expr
    6     | expr DIV expr •
    7     | expr • MAIS expr

    VEZES  shift, and go to state 5
    MAIS   shift, and go to state 6
    MENOS  shift, and go to state 7
    DIV    shift, and go to state 8

    VEZES     [reduce using rule 6 (expr)]
    MAIS      [reduce using rule 6 (expr)]
    MENOS     [reduce using rule 6 (expr)]
    DIV       [reduce using rule 6 (expr)]
    $default  reduce using rule 6 (expr)
